<?xml version="1.0" encoding="UTF-8"?>
<!-- Generated by org.testng.reporters.JUnitReportReporter -->
<testsuite hostname="LAPTOP-O1IA0A5B" failures="0" tests="1" name="com.automation.day9.Sep_30_2023.ValidatingStringMethods" time="9.172" errors="0" timestamp="2023-09-30T11:44:58 EDT" skipped="0">
  <testcase classname="com.automation.day9.Sep_30_2023.ValidatingStringMethods" name="checkingEqualsMethod" time="9.172"/>
</testsuite> <!-- com.automation.day9.Sep_30_2023.ValidatingStringMethods -->
