<?xml version="1.0" encoding="UTF-8"?>
<!-- Generated by org.testng.reporters.JUnitReportReporter -->
<testsuite hostname="LAPTOP-O1IA0A5B" failures="0" tests="4" name="com.automation.day13.Oct_14_2023.ClassAssignment_TN_Register" time="48.860" errors="0" timestamp="2023-10-20T21:23:32 EDT" skipped="0">
  <testcase classname="com.automation.day13.Oct_14_2023.ClassAssignment_TN_Register" name="verifyingRegisterWithMandatoryFields" time="11.893"/>
  <testcase classname="com.automation.day13.Oct_14_2023.ClassAssignment_TN_Register" name="verifyingRegisterWithAllFields" time="13.800"/>
  <testcase classname="com.automation.day13.Oct_14_2023.ClassAssignment_TN_Register" name="verifyingRegisterWithExistingEmail" time="11.494"/>
  <testcase classname="com.automation.day13.Oct_14_2023.ClassAssignment_TN_Register" name="verifyingRegisterWithNoFields" time="11.673"/>
</testsuite> <!-- com.automation.day13.Oct_14_2023.ClassAssignment_TN_Register -->
