<?xml version="1.0" encoding="UTF-8"?>
<!-- Generated by org.testng.reporters.JUnitReportReporter -->
<testsuite hostname="LAPTOP-O1IA0A5B" failures="0" tests="1" name="com.automation.day16.Oct_22_2023.RegisterTest" time="9.029" errors="0" timestamp="2023-11-03T16:34:08 EDT" skipped="0">
  <testcase classname="com.automation.day16.Oct_22_2023.RegisterTest" name="TNRegister" time="9.029"/>
</testsuite> <!-- com.automation.day16.Oct_22_2023.RegisterTest -->
