<?xml version="1.0" encoding="UTF-8"?>
<!-- Generated by org.testng.reporters.JUnitReportReporter -->
<testsuite hostname="LAPTOP-O1IA0A5B" failures="0" tests="1" name="com.automation.day14_Oct_15_2023.RegisterTest" time="11.266" errors="0" timestamp="2023-11-03T14:51:52 EDT" skipped="0">
  <testcase classname="com.automation.day14_Oct_15_2023.RegisterTest" name="verifyRegisterWithMandatoryFields" time="11.266"/>
</testsuite> <!-- com.automation.day14_Oct_15_2023.RegisterTest -->
