<?xml version="1.0" encoding="UTF-8"?>
<!-- Generated by org.testng.reporters.JUnitReportReporter -->
<testsuite hostname="LAPTOP-O1IA0A5B" failures="0" tests="1" name="com.automation.day21.Nov_11_2023.Mouse_Actions" time="3.407" errors="0" timestamp="2023-11-11T21:10:47 EST" skipped="0">
  <testcase classname="com.automation.day21.Nov_11_2023.Mouse_Actions" name="draggable" time="3.407"/>
</testsuite> <!-- com.automation.day21.Nov_11_2023.Mouse_Actions -->
