<?xml version="1.0" encoding="UTF-8"?>
<!-- Generated by org.testng.reporters.JUnitReportReporter -->
<testsuite hostname="LAPTOP-O1IA0A5B" failures="0" tests="3" name="com.automation.day12.Oct_8_2023.HeadlessMode_ChromeOptions" time="15.022" errors="0" timestamp="2023-10-08T14:44:58 EDT" skipped="0">
  <testcase classname="com.automation.day12.Oct_8_2023.HeadlessMode_ChromeOptions" name="searchWithValidProduct" time="4.567"/>
  <testcase classname="com.automation.day12.Oct_8_2023.HeadlessMode_ChromeOptions" name="searchWithInvalidProduct" time="4.666"/>
  <testcase classname="com.automation.day12.Oct_8_2023.HeadlessMode_ChromeOptions" name="searchWithNoProduct" time="5.789"/>
</testsuite> <!-- com.automation.day12.Oct_8_2023.HeadlessMode_ChromeOptions -->
