<?xml version="1.0" encoding="UTF-8"?>
<!-- Generated by org.testng.reporters.JUnitReportReporter -->
<testsuite hostname="LAPTOP-O1IA0A5B" failures="0" tests="3" name="com.automation.day15.Oct_21_2023.SearchProductTest" time="18.779" errors="0" timestamp="2023-11-03T16:21:50 EDT" skipped="0">
  <testcase classname="com.automation.day15.Oct_21_2023.SearchProductTest" name="verifySearchWithValidProduct" time="4.242"/>
  <testcase classname="com.automation.day15.Oct_21_2023.SearchProductTest" name="VerifySearchWithInvalidProduct" time="8.714"/>
  <testcase classname="com.automation.day15.Oct_21_2023.SearchProductTest" name="verifySearchWithNoProduct" time="5.823"/>
</testsuite> <!-- com.automation.day15.Oct_21_2023.SearchProductTest -->
