<?xml version="1.0" encoding="UTF-8"?>
<!-- Generated by org.testng.reporters.JUnitReportReporter -->
<testsuite hostname="LAPTOP-O1IA0A5B" failures="0" tests="1" name="com.automation.day14_Oct_15_2023.SearchProductTest" time="6.238" errors="0" timestamp="2023-11-01T20:53:26 EDT" skipped="0">
  <testcase classname="com.automation.day14_Oct_15_2023.SearchProductTest" name="verifySearchWithValidProduct" time="6.238"/>
</testsuite> <!-- com.automation.day14_Oct_15_2023.SearchProductTest -->
