<?xml version="1.0" encoding="UTF-8"?>
<!-- Generated by org.testng.reporters.JUnitReportReporter -->
<testsuite hostname="LAPTOP-O1IA0A5B" failures="0" tests="3" name="com.automation.day12.Oct_8_2023.Assignment3" time="17.665" errors="0" timestamp="2023-10-08T14:42:34 EDT" skipped="0">
  <testcase classname="com.automation.day12.Oct_8_2023.Assignment3" name="searchWithValidProduct" time="4.847"/>
  <testcase classname="com.automation.day12.Oct_8_2023.Assignment3" name="searchWithInvalidProduct" time="4.717"/>
  <testcase classname="com.automation.day12.Oct_8_2023.Assignment3" name="searchWithNoProduct" time="8.101"/>
</testsuite> <!-- com.automation.day12.Oct_8_2023.Assignment3 -->
