<?xml version="1.0" encoding="UTF-8"?>
<!-- Generated by org.testng.reporters.JUnitReportReporter -->
<testsuite hostname="LAPTOP-O1IA0A5B" failures="0" tests="7" name="com.automation.day13.Oct_14_2023.Executing_A_Test_Case_Multiple_Times" time="0.014" errors="0" timestamp="2023-10-14T11:08:21 EDT" skipped="0">
  <testcase classname="com.automation.day13.Oct_14_2023.Executing_A_Test_Case_Multiple_Times" name="logic1" time="0.010"/>
  <testcase classname="com.automation.day13.Oct_14_2023.Executing_A_Test_Case_Multiple_Times" name="logic2" time="0.001"/>
  <testcase classname="com.automation.day13.Oct_14_2023.Executing_A_Test_Case_Multiple_Times" name="logic3" time="0.001"/>
  <testcase classname="com.automation.day13.Oct_14_2023.Executing_A_Test_Case_Multiple_Times" name="logic3" time="0.001"/>
  <testcase classname="com.automation.day13.Oct_14_2023.Executing_A_Test_Case_Multiple_Times" name="logic3" time="0.000"/>
  <testcase classname="com.automation.day13.Oct_14_2023.Executing_A_Test_Case_Multiple_Times" name="logic3" time="0.001"/>
  <testcase classname="com.automation.day13.Oct_14_2023.Executing_A_Test_Case_Multiple_Times" name="logic3" time="0.000"/>
</testsuite> <!-- com.automation.day13.Oct_14_2023.Executing_A_Test_Case_Multiple_Times -->
