<?xml version="1.0" encoding="UTF-8"?>
<!-- Generated by org.testng.reporters.JUnitReportReporter -->
<testsuite hostname="LAPTOP-O1IA0A5B" failures="0" tests="5" name="com.automation.day12.Oct_8_2023.Understanding_ChromeOptions" time="34.073" errors="0" timestamp="2023-10-08T13:33:39 EDT" skipped="0">
  <testcase classname="com.automation.day12.Oct_8_2023.Understanding_ChromeOptions" name="verifyLoginWithValidCredentials" time="7.748"/>
  <testcase classname="com.automation.day12.Oct_8_2023.Understanding_ChromeOptions" name="verifyLoginWithInvalidCredentials" time="7.668"/>
  <testcase classname="com.automation.day12.Oct_8_2023.Understanding_ChromeOptions" name="verifyLoginWithInvalidEMailValidPassword" time="6.459"/>
  <testcase classname="com.automation.day12.Oct_8_2023.Understanding_ChromeOptions" name="verifyLoginWithValidEmailInvalidPassword" time="6.250"/>
  <testcase classname="com.automation.day12.Oct_8_2023.Understanding_ChromeOptions" name="verifyLoginWithoutCredentials" time="5.948"/>
</testsuite> <!-- com.automation.day12.Oct_8_2023.Understanding_ChromeOptions -->
