<?xml version="1.0" encoding="UTF-8"?>
<!-- Generated by org.testng.reporters.JUnitReportReporter -->
<testsuite hostname="LAPTOP-O1IA0A5B" failures="0" tests="6" name="com.automation.day13.Oct_14_2023.Assertions_Assert" time="31.411" errors="0" timestamp="2023-10-14T12:14:57 EDT" skipped="1">
  <testcase classname="com.automation.day13.Oct_14_2023.Assertions_Assert" name="verifyLoginWithValidCredentials" time="7.883"/>
  <testcase classname="com.automation.day13.Oct_14_2023.Assertions_Assert" name="verifyLoginWithInvalidCredentials" time="5.961"/>
  <testcase classname="com.automation.day13.Oct_14_2023.Assertions_Assert" name="verifyLoginWithValidEmailInvalidPassword" time="5.819"/>
  <testcase classname="com.automation.day13.Oct_14_2023.Assertions_Assert" name="verifyLoginWithInvalidEmailValidPassword" time="6.034"/>
  <testcase classname="com.automation.day13.Oct_14_2023.Assertions_Assert" name="verifyLoginWithNoCredentials" time="5.714"/>
  <testcase classname="com.automation.day13.Oct_14_2023.Assertions_Assert" name="explainAssertions">
    <skipped/>
  </testcase> <!-- explainAssertions -->
</testsuite> <!-- com.automation.day13.Oct_14_2023.Assertions_Assert -->
