<?xml version="1.0" encoding="UTF-8"?>
<!-- Generated by org.testng.reporters.JUnitReportReporter -->
<testsuite hostname="LAPTOP-O1IA0A5B" failures="0" tests="1" name="com.automation.day21.Nov_11_2023.KeyBoard_Action" time="12.643" errors="0" timestamp="2023-11-12T11:25:04 EST" skipped="0">
  <testcase classname="com.automation.day21.Nov_11_2023.KeyBoard_Action" name="rediffLogin" time="12.643"/>
</testsuite> <!-- com.automation.day21.Nov_11_2023.KeyBoard_Action -->
