<?xml version="1.0" encoding="UTF-8"?>
<!-- Generated by org.testng.reporters.JUnitReportReporter -->
<testsuite hostname="LAPTOP-O1IA0A5B" failures="0" tests="1" name="com.automation.day13.Oct_14_2023.How_To_Handle_An_Alert" time="4.788" errors="0" timestamp="2023-10-14T13:52:50 EDT" skipped="0">
  <testcase classname="com.automation.day13.Oct_14_2023.How_To_Handle_An_Alert" name="handlingAlert" time="4.788"/>
</testsuite> <!-- com.automation.day13.Oct_14_2023.How_To_Handle_An_Alert -->
