<?xml version="1.0" encoding="UTF-8"?>
<!-- Generated by org.testng.reporters.JUnitReportReporter -->
<testsuite hostname="LAPTOP-O1IA0A5B" failures="0" tests="1" name="com.automation.day22.Nov_12_2023.DatePicker_Practice" time="6.026" errors="0" timestamp="2023-11-12T13:59:20 EST" skipped="0">
  <testcase classname="com.automation.day22.Nov_12_2023.DatePicker_Practice" name="datePickerTest1" time="6.026"/>
</testsuite> <!-- com.automation.day22.Nov_12_2023.DatePicker_Practice -->
