<?xml version="1.0" encoding="UTF-8"?>
<!-- Generated by org.testng.reporters.JUnitReportReporter -->
<testsuite hostname="LAPTOP-O1IA0A5B" failures="0" tests="1" name="com.automation.day21.Nov_11_2023.KeyBoard_Action" time="16.122" errors="0" timestamp="2023-11-15T13:29:59 EST" skipped="0">
  <testcase classname="com.automation.day21.Nov_11_2023.KeyBoard_Action" name="registerTNTest" time="16.122"/>
</testsuite> <!-- com.automation.day21.Nov_11_2023.KeyBoard_Action -->
