<?xml version="1.0" encoding="UTF-8"?>
<!-- Generated by org.testng.reporters.JUnitReportReporter -->
<testsuite hostname="LAPTOP-O1IA0A5B" failures="0" tests="1" name="com.java.day18.Oct_29_2023.Groups" time="0.010" errors="0" timestamp="2023-11-07T11:44:01 EST" skipped="0">
  <testcase classname="com.java.day18.Oct_29_2023.Groups" name="tc1" time="0.010"/>
</testsuite> <!-- com.java.day18.Oct_29_2023.Groups -->
