<?xml version="1.0" encoding="UTF-8"?>
<!-- Generated by org.testng.reporters.JUnitReportReporter -->
<testsuite hostname="LAPTOP-O1IA0A5B" failures="0" tests="4" name="com.automation.day15.Oct_21_2023.RegisterTest" time="61.824" errors="0" timestamp="2023-11-03T16:21:50 EDT" skipped="0">
  <testcase classname="com.automation.day15.Oct_21_2023.RegisterTest" name="verifyRegisterWithMandatoryFields" time="8.105"/>
  <testcase classname="com.automation.day15.Oct_21_2023.RegisterTest" name="verifyRegisterWithAllFields" time="12.219"/>
  <testcase classname="com.automation.day15.Oct_21_2023.RegisterTest" name="verifyRegisterWithExistingEmail" time="33.877"/>
  <testcase classname="com.automation.day15.Oct_21_2023.RegisterTest" name="verifyRegisterWithNoFields" time="7.623"/>
</testsuite> <!-- com.automation.day15.Oct_21_2023.RegisterTest -->
