<?xml version="1.0" encoding="UTF-8"?>
<!-- Generated by org.testng.reporters.JUnitReportReporter -->
<testsuite hostname="LAPTOP-O1IA0A5B" failures="0" tests="5" name="com.automation.day12.Oct_8_2023.Priority_Of_Execution" time="42.148" errors="0" timestamp="2023-10-08T13:10:39 EDT" skipped="0">
  <testcase classname="com.automation.day12.Oct_8_2023.Priority_Of_Execution" name="verifyLoginWithValidCredentials" time="8.661"/>
  <testcase classname="com.automation.day12.Oct_8_2023.Priority_Of_Execution" name="verifyLoginWithInvalidCredentials" time="9.301"/>
  <testcase classname="com.automation.day12.Oct_8_2023.Priority_Of_Execution" name="verifyLoginWithInvalidEMailValidPassword" time="8.714"/>
  <testcase classname="com.automation.day12.Oct_8_2023.Priority_Of_Execution" name="verifyLoginWithValidEmailInvalidPassword" time="7.906"/>
  <testcase classname="com.automation.day12.Oct_8_2023.Priority_Of_Execution" name="verifyLoginWithoutCredentials" time="7.566"/>
</testsuite> <!-- com.automation.day12.Oct_8_2023.Priority_Of_Execution -->
