<?xml version="1.0" encoding="UTF-8"?>
<!-- Generated by org.testng.reporters.JUnitReportReporter -->
<testsuite hostname="LAPTOP-O1IA0A5B" failures="0" tests="4" name="com.automation.day12.Oct_8_2023.Assignment2" time="27.226" errors="0" timestamp="2023-10-08T14:01:10 EDT" skipped="0">
  <testcase classname="com.automation.day12.Oct_8_2023.Assignment2" name="verifyRegisterWithMandatoryDetails" time="6.939"/>
  <testcase classname="com.automation.day12.Oct_8_2023.Assignment2" name="verifyRegisterWithAllDetails" time="7.914"/>
  <testcase classname="com.automation.day12.Oct_8_2023.Assignment2" name="verifyRegisterWithExistingEmail" time="6.667"/>
  <testcase classname="com.automation.day12.Oct_8_2023.Assignment2" name="verifyRegisterWithNoDetails" time="5.706"/>
</testsuite> <!-- com.automation.day12.Oct_8_2023.Assignment2 -->
