<?xml version="1.0" encoding="UTF-8"?>
<!-- Generated by org.testng.reporters.JUnitReportReporter -->
<testsuite hostname="LAPTOP-O1IA0A5B" failures="0" tests="1" name="com.automation.day20.Nov_5_2023.FlipKart" time="12.939" errors="0" timestamp="2023-11-09T10:48:29 EST" skipped="0">
  <testcase classname="com.automation.day20.Nov_5_2023.FlipKart" name="formalShirts" time="12.939"/>
</testsuite> <!-- com.automation.day20.Nov_5_2023.FlipKart -->
