<?xml version="1.0" encoding="UTF-8"?>
<!-- Generated by org.testng.reporters.JUnitReportReporter -->
<testsuite hostname="LAPTOP-O1IA0A5B" failures="0" tests="1" name="com.automation.day21.Nov_11_2023.Tool_Tip" time="5.515" errors="0" timestamp="2023-11-11T14:04:54 EST" skipped="0">
  <testcase classname="com.automation.day21.Nov_11_2023.Tool_Tip" name="loginTest" time="5.515"/>
</testsuite> <!-- com.automation.day21.Nov_11_2023.Tool_Tip -->
