<?xml version="1.0" encoding="UTF-8"?>
<!-- Generated by org.testng.reporters.JUnitReportReporter -->
<testsuite hostname="LAPTOP-O1IA0A5B" failures="0" tests="1" name="com.automation.day14_Oct_15_2023.PropertiesFileClassAssignmentRediffLogin" time="5.805" errors="0" timestamp="2023-10-15T11:00:12 EDT" skipped="0">
  <testcase classname="com.automation.day14_Oct_15_2023.PropertiesFileClassAssignmentRediffLogin" name="rediffLogin" time="5.805"/>
</testsuite> <!-- com.automation.day14_Oct_15_2023.PropertiesFileClassAssignmentRediffLogin -->
