<?xml version="1.0" encoding="UTF-8"?>
<!-- Generated by org.testng.reporters.JUnitReportReporter -->
<testsuite hostname="LAPTOP-O1IA0A5B" failures="0" tests="1" name="com.automation.day21.Nov_11_2023.KeyBoard_Action2" time="7.256" errors="0" timestamp="2023-11-12T11:08:50 EST" skipped="0">
  <testcase classname="com.automation.day21.Nov_11_2023.KeyBoard_Action2" name="registerTNTest" time="7.256"/>
</testsuite> <!-- com.automation.day21.Nov_11_2023.KeyBoard_Action2 -->
