<?xml version="1.0" encoding="UTF-8"?>
<!-- Generated by org.testng.reporters.JUnitReportReporter -->
<testsuite hostname="LAPTOP-O1IA0A5B" failures="0" tests="5" name="com.automation.day15.Oct_21_2023.LoginTest" time="34.150" errors="0" timestamp="2023-11-03T16:21:50 EDT" skipped="0">
  <testcase classname="com.automation.day15.Oct_21_2023.LoginTest" name="verifyLoginWithValidCredentials" time="7.214"/>
  <testcase classname="com.automation.day15.Oct_21_2023.LoginTest" name="verifyLoginWithInvalidCredentials" time="7.600"/>
  <testcase classname="com.automation.day15.Oct_21_2023.LoginTest" name="verifyLoginWithValidEmailInvalidPassword" time="6.228"/>
  <testcase classname="com.automation.day15.Oct_21_2023.LoginTest" name="verifyLoginWithInvalidEmailValidPassword" time="7.082"/>
  <testcase classname="com.automation.day15.Oct_21_2023.LoginTest" name="verifyLoginWithNoCredentials" time="6.026"/>
</testsuite> <!-- com.automation.day15.Oct_21_2023.LoginTest -->
