<?xml version="1.0" encoding="UTF-8"?>
<!-- Generated by org.testng.reporters.JUnitReportReporter -->
<testsuite hostname="LAPTOP-O1IA0A5B" failures="0" tests="3" name="com.automation.day12.Oct_8_2023.Speciality_Of_BeforeMethod_And_AfterMethod" time="0.014" errors="0" timestamp="2023-10-08T11:38:40 EDT" skipped="0">
  <testcase classname="com.automation.day12.Oct_8_2023.Speciality_Of_BeforeMethod_And_AfterMethod" name="testCase1" time="0.009"/>
  <testcase classname="com.automation.day12.Oct_8_2023.Speciality_Of_BeforeMethod_And_AfterMethod" name="testCase2" time="0.002"/>
  <testcase classname="com.automation.day12.Oct_8_2023.Speciality_Of_BeforeMethod_And_AfterMethod" name="testCase3" time="0.003"/>
</testsuite> <!-- com.automation.day12.Oct_8_2023.Speciality_Of_BeforeMethod_And_AfterMethod -->
