<?xml version="1.0" encoding="UTF-8"?>
<!-- Generated by org.testng.reporters.JUnitReportReporter -->
<testsuite hostname="LAPTOP-O1IA0A5B" failures="0" tests="5" name="com.automation.day12.Oct_8_2023.AnnotationsClassAssignment" time="38.912" errors="0" timestamp="2023-10-08T12:19:45 EDT" skipped="0">
  <testcase classname="com.automation.day12.Oct_8_2023.AnnotationsClassAssignment" name="verifyLoginWithInvalidCredentials" time="7.201"/>
  <testcase classname="com.automation.day12.Oct_8_2023.AnnotationsClassAssignment" name="verifyLoginWithValidEmailInvalidPassword" time="12.496"/>
  <testcase classname="com.automation.day12.Oct_8_2023.AnnotationsClassAssignment" name="verifyLoginWithoutCredentials" time="6.129"/>
  <testcase classname="com.automation.day12.Oct_8_2023.AnnotationsClassAssignment" name="verifyLoginWithInvalidEMailValidPassword" time="6.395"/>
  <testcase classname="com.automation.day12.Oct_8_2023.AnnotationsClassAssignment" name="verifyLoginWithValidCredentials" time="6.691"/>
</testsuite> <!-- com.automation.day12.Oct_8_2023.AnnotationsClassAssignment -->
