<?xml version="1.0" encoding="UTF-8"?>
<!-- Generated by org.testng.reporters.JUnitReportReporter -->
<testsuite hostname="LAPTOP-O1IA0A5B" failures="0" tests="1" name="com.automation.day18.Regression_Suite_Oct_29_2023.Regression_SearchProductTest" time="0.002" errors="0" timestamp="2023-11-08T09:07:25 EST" skipped="0">
  <testcase classname="com.automation.day18.Regression_Suite_Oct_29_2023.Regression_SearchProductTest" name="regressionSearchProductValidation" time="0.002"/>
</testsuite> <!-- com.automation.day18.Regression_Suite_Oct_29_2023.Regression_SearchProductTest -->
