<?xml version="1.0" encoding="UTF-8"?>
<!-- Generated by org.testng.reporters.JUnitReportReporter -->
<testsuite hostname="LAPTOP-O1IA0A5B" failures="0" tests="1" name="com.automation.day14_Oct_15_2023.Parameterization_Using_TestNGxml_file" time="8.513" errors="0" timestamp="2023-11-01T21:49:21 EDT" skipped="0">
  <testcase classname="com.automation.day14_Oct_15_2023.Parameterization_Using_TestNGxml_file" name="verifyLoginWithValidCredentials" time="8.513"/>
</testsuite> <!-- com.automation.day14_Oct_15_2023.Parameterization_Using_TestNGxml_file -->
