<?xml version="1.0" encoding="UTF-8"?>
<!-- Generated by org.testng.reporters.JUnitReportReporter -->
<testsuite hostname="LAPTOP-O1IA0A5B" failures="0" tests="3" name="com.automation.day13.Oct_14_2023.Enabling_Disabling_Test_Case" time="0.013" errors="0" timestamp="2023-10-14T10:32:01 EDT" skipped="0">
  <testcase classname="com.automation.day13.Oct_14_2023.Enabling_Disabling_Test_Case" name="logic1" time="0.009"/>
  <testcase classname="com.automation.day13.Oct_14_2023.Enabling_Disabling_Test_Case" name="logic2" time="0.002"/>
  <testcase classname="com.automation.day13.Oct_14_2023.Enabling_Disabling_Test_Case" name="logic3" time="0.002"/>
</testsuite> <!-- com.automation.day13.Oct_14_2023.Enabling_Disabling_Test_Case -->
