<?xml version="1.0" encoding="UTF-8"?>
<!-- Generated by org.testng.reporters.JUnitReportReporter -->
<testsuite hostname="LAPTOP-O1IA0A5B" failures="0" tests="1" name="com.automation.day21.Nov_11_2023.TN_ImplicitWait_ExplicitWait" time="8.429" errors="0" timestamp="2023-11-13T15:58:00 EST" skipped="0">
  <testcase classname="com.automation.day21.Nov_11_2023.TN_ImplicitWait_ExplicitWait" name="tnExplicitWebDriverWaitTest" time="8.429"/>
</testsuite> <!-- com.automation.day21.Nov_11_2023.TN_ImplicitWait_ExplicitWait -->
