<?xml version="1.0" encoding="UTF-8"?>
<!-- Generated by org.testng.reporters.JUnitReportReporter -->
<testsuite hostname="LAPTOP-O1IA0A5B" failures="0" tests="1" name="com.automation.day20.Nov_5_2023.Class1_Handling_Multiple_WebElements" time="16.169" errors="0" timestamp="2023-11-05T12:43:43 EST" skipped="0">
  <testcase classname="com.automation.day20.Nov_5_2023.Class1_Handling_Multiple_WebElements" name="bbcDotCom" time="16.169"/>
</testsuite> <!-- com.automation.day20.Nov_5_2023.Class1_Handling_Multiple_WebElements -->
