<?xml version="1.0" encoding="UTF-8"?>
<!-- Generated by org.testng.reporters.JUnitReportReporter -->
<testsuite hostname="LAPTOP-O1IA0A5B" failures="0" tests="1" name="com.automation.day20.Nov_5_2023.Class2_TN_WebElements" time="8.143" errors="0" timestamp="2023-11-05T12:56:11 EST" skipped="0">
  <testcase classname="com.automation.day20.Nov_5_2023.Class2_TN_WebElements" name="tutorialsNinja" time="8.143"/>
</testsuite> <!-- com.automation.day20.Nov_5_2023.Class2_TN_WebElements -->
