<?xml version="1.0" encoding="UTF-8"?>
<!-- Generated by org.testng.reporters.JUnitReportReporter -->
<testsuite hostname="LAPTOP-O1IA0A5B" failures="0" tests="3" name="com.automation.day9.Sep_30_2023.DependenciesOnMethods" time="25.502" errors="0" timestamp="2023-09-30T12:16:04 EDT" skipped="0">
  <testcase classname="com.automation.day9.Sep_30_2023.DependenciesOnMethods" name="login" time="9.330"/>
  <testcase classname="com.automation.day9.Sep_30_2023.DependenciesOnMethods" name="logout" time="7.865"/>
  <testcase classname="com.automation.day9.Sep_30_2023.DependenciesOnMethods" name="continueButtonOnLogoutPage" time="8.307"/>
</testsuite> <!-- com.automation.day9.Sep_30_2023.DependenciesOnMethods -->
