<?xml version="1.0" encoding="UTF-8"?>
<!-- Generated by org.testng.reporters.JUnitReportReporter -->
<testsuite hostname="LAPTOP-O1IA0A5B" failures="0" tests="1" name="com.automation.day21.Nov_11_2023.TN_ImplicitWait" time="8.369" errors="0" timestamp="2023-11-11T10:58:58 EST" skipped="0">
  <testcase classname="com.automation.day21.Nov_11_2023.TN_ImplicitWait" name="tnExplicitWebDriverWaitTest" time="8.369"/>
</testsuite> <!-- com.automation.day21.Nov_11_2023.TN_ImplicitWait -->
