<?xml version="1.0" encoding="UTF-8"?>
<!-- Generated by org.testng.reporters.JUnitReportReporter -->
<testsuite hostname="LAPTOP-O1IA0A5B" failures="0" tests="1" name="com.automation.day21.Nov_11_2023.Drag_And_Drop" time="4.709" errors="0" timestamp="2023-11-11T21:18:58 EST" skipped="0">
  <testcase classname="com.automation.day21.Nov_11_2023.Drag_And_Drop" name="droppable" time="4.709"/>
</testsuite> <!-- com.automation.day21.Nov_11_2023.Drag_And_Drop -->
