<?xml version="1.0" encoding="UTF-8"?>
<!-- Generated by org.testng.reporters.JUnitReportReporter -->
<testsuite hostname="LAPTOP-O1IA0A5B" failures="0" tests="1" name="com.automation.day16.Oct_22_2023.LoginTest" time="10.371" errors="0" timestamp="2023-11-03T16:34:08 EDT" skipped="0">
  <testcase classname="com.automation.day16.Oct_22_2023.LoginTest" name="TNLogin" time="10.371"/>
</testsuite> <!-- com.automation.day16.Oct_22_2023.LoginTest -->
