<?xml version="1.0" encoding="UTF-8"?>
<!-- Generated by org.testng.reporters.JUnitReportReporter -->
<testsuite hostname="LAPTOP-O1IA0A5B" failures="0" tests="3" name="com.automation.day9.Sep_30_2023.Assertions_inTestNG" time="24.722" errors="0" timestamp="2023-09-30T12:34:35 EDT" skipped="0">
  <testcase classname="com.automation.day9.Sep_30_2023.Assertions_inTestNG" name="login" time="7.377"/>
  <testcase classname="com.automation.day9.Sep_30_2023.Assertions_inTestNG" name="logout" time="8.416"/>
  <testcase classname="com.automation.day9.Sep_30_2023.Assertions_inTestNG" name="continueButtonOnLogoutPage" time="8.929"/>
</testsuite> <!-- com.automation.day9.Sep_30_2023.Assertions_inTestNG -->
