<?xml version="1.0" encoding="UTF-8"?>
<!-- Generated by org.testng.reporters.JUnitReportReporter -->
<testsuite hostname="LAPTOP-O1IA0A5B" failures="0" tests="1" name="com.automation.day12.Oct_8_2023.WhyNotToIntroduceMainMethod" time="0.006" errors="0" timestamp="2023-10-08T11:08:59 EDT" skipped="0">
  <testcase classname="com.automation.day12.Oct_8_2023.WhyNotToIntroduceMainMethod" name="executionEngine" time="0.006"/>
</testsuite> <!-- com.automation.day12.Oct_8_2023.WhyNotToIntroduceMainMethod -->
