<?xml version="1.0" encoding="UTF-8"?>
<!-- Generated by org.testng.reporters.JUnitReportReporter -->
<testsuite hostname="LAPTOP-O1IA0A5B" failures="0" tests="1" name="com.automation.day21.Nov_11_2023.Mouse_Actions" time="5.891" errors="0" timestamp="2023-11-14T09:48:07 EST" skipped="0">
  <testcase classname="com.automation.day21.Nov_11_2023.Mouse_Actions" name="easeMyTripMouseActions" time="5.891"/>
</testsuite> <!-- com.automation.day21.Nov_11_2023.Mouse_Actions -->
