<?xml version="1.0" encoding="UTF-8"?>
<!-- Generated by org.testng.reporters.JUnitReportReporter -->
<testsuite hostname="LAPTOP-O1IA0A5B" failures="0" tests="3" name="com.automation.day14_Oct_15_2023.DataProvider_Basics" time="0.007" errors="0" timestamp="2023-10-25T20:19:23 EDT" skipped="0">
  <testcase classname="com.automation.day14_Oct_15_2023.DataProvider_Basics" name="loginTest" time="0.005"/>
  <testcase classname="com.automation.day14_Oct_15_2023.DataProvider_Basics" name="loginTest" time="0.001"/>
  <testcase classname="com.automation.day14_Oct_15_2023.DataProvider_Basics" name="loginTest" time="0.001"/>
</testsuite> <!-- com.automation.day14_Oct_15_2023.DataProvider_Basics -->
