<?xml version="1.0" encoding="UTF-8"?>
<!-- Generated by org.testng.reporters.JUnitReportReporter -->
<testsuite hostname="LAPTOP-O1IA0A5B" failures="0" tests="1" name="com.automation.day18.Smoke_Suite_Oct_29_2023.Smoke_RegisterTest" time="0.001" errors="0" timestamp="2023-11-08T09:07:25 EST" skipped="0">
  <testcase classname="com.automation.day18.Smoke_Suite_Oct_29_2023.Smoke_RegisterTest" name="smokeRegisterValidation" time="0.001"/>
</testsuite> <!-- com.automation.day18.Smoke_Suite_Oct_29_2023.Smoke_RegisterTest -->
