<?xml version="1.0" encoding="UTF-8"?>
<!-- Generated by org.testng.reporters.JUnitReportReporter -->
<testsuite hostname="LAPTOP-O1IA0A5B" failures="0" tests="4" name="com.automation.day14_Oct_15_2023.DataProvider_SeparateClass" time="45.397" errors="0" timestamp="2023-10-25T22:08:30 EDT" skipped="0">
  <testcase classname="com.automation.day14_Oct_15_2023.DataProvider_SeparateClass" name="TNLogin" time="12.160"/>
  <testcase classname="com.automation.day14_Oct_15_2023.DataProvider_SeparateClass" name="TNLogin" time="11.635"/>
  <testcase classname="com.automation.day14_Oct_15_2023.DataProvider_SeparateClass" name="TNLogin" time="10.674"/>
  <testcase classname="com.automation.day14_Oct_15_2023.DataProvider_SeparateClass" name="TNLogin" time="10.928"/>
</testsuite> <!-- com.automation.day14_Oct_15_2023.DataProvider_SeparateClass -->
