<?xml version="1.0" encoding="UTF-8"?>
<!-- Generated by org.testng.reporters.JUnitReportReporter -->
<testsuite hostname="LAPTOP-O1IA0A5B" failures="0" tests="3" name="com.automation.day14_Oct_15_2023.LoginTest" time="20.543" errors="0" timestamp="2023-11-01T20:53:26 EDT" skipped="0">
  <testcase classname="com.automation.day14_Oct_15_2023.LoginTest" name="verifyLoginWithValidCredentials" time="6.678"/>
  <testcase classname="com.automation.day14_Oct_15_2023.LoginTest" name="verifyLoginWithInvalidCredentials" time="6.739"/>
  <testcase classname="com.automation.day14_Oct_15_2023.LoginTest" name="verifyLoginWithNoCredentials" time="7.126"/>
</testsuite> <!-- com.automation.day14_Oct_15_2023.LoginTest -->
