<?xml version="1.0" encoding="UTF-8"?>
<!-- Generated by org.testng.reporters.JUnitReportReporter -->
<testsuite hostname="LAPTOP-O1IA0A5B" failures="0" tests="3" name="com.automation.day21.Nov_11_2023.TN_ImplicitWait_ExplicitWait" time="33.985" errors="0" timestamp="2023-11-11T21:17:21 EST" skipped="0">
  <testcase classname="com.automation.day21.Nov_11_2023.TN_ImplicitWait_ExplicitWait" name="tnImplicitWaitTest" time="4.441"/>
  <testcase classname="com.automation.day21.Nov_11_2023.TN_ImplicitWait_ExplicitWait" name="tnExplicitWaitTest" time="22.446"/>
  <testcase classname="com.automation.day21.Nov_11_2023.TN_ImplicitWait_ExplicitWait" name="tnExplicitWebDriverWaitTest" time="7.098"/>
</testsuite> <!-- com.automation.day21.Nov_11_2023.TN_ImplicitWait_ExplicitWait -->
